<?xml version="1.0" encoding="UTF-8"?>
<!-- Generated by org.testng.reporters.JUnitReportReporter -->
<testsuite hostname="Muhammad" failures="0" tests="1" name="FirstProject.Appium.DragAndDrop" time="10.636" errors="0" timestamp="2023-07-14T06:47:43 CEST" skipped="0">
  <testcase classname="FirstProject.Appium.DragAndDrop" name="dragdropTest" time="10.636"/>
  <system-out/>
</testsuite> <!-- FirstProject.Appium.DragAndDrop -->
