<?xml version="1.0" encoding="UTF-8"?>
<!-- Generated by org.testng.reporters.JUnitReportReporter -->
<testsuite hostname="Muhammad" failures="0" tests="1" name="FirstProject.Appium.WifiSettings" time="12.872" errors="0" timestamp="2023-07-13T06:20:02 CEST" skipped="0">
  <testcase classname="FirstProject.Appium.WifiSettings" name="AppiumTest" time="12.872"/>
  <system-out/>
</testsuite> <!-- FirstProject.Appium.WifiSettings -->
