<?xml version="1.0" encoding="UTF-8"?>
<!-- Generated by org.testng.reporters.JUnitReportReporter -->
<testsuite hostname="Muhammad" failures="0" tests="1" name="FirstProject.Appium.eCommerShopping" time="40.279" errors="0" timestamp="2023-07-14T07:16:56 CEST" skipped="0">
  <testcase classname="FirstProject.Appium.eCommerShopping" name="eshopping" time="40.279"/>
  <system-out/>
</testsuite> <!-- FirstProject.Appium.eCommerShopping -->
