<?xml version="1.0" encoding="UTF-8"?>
<!-- Generated by org.testng.reporters.JUnitReportReporter -->
<testsuite hostname="Muhammad" failures="0" tests="1" name="FirstProject.Appium.eCommerShopping" time="57.984" errors="0" timestamp="2023-07-18T06:47:43 CEST" skipped="0">
  <testcase classname="FirstProject.Appium.eCommerShopping" name="eshopping" time="57.984"/>
  <system-out/>
</testsuite> <!-- FirstProject.Appium.eCommerShopping -->
