<?xml version="1.0" encoding="UTF-8"?>
<!-- Generated by org.testng.reporters.JUnitReportReporter -->
<testsuite hostname="Muhammad" failures="0" tests="1" name="FirstProject.Appium.Orinetation" time="11.872" errors="0" timestamp="2023-07-14T06:55:35 CEST" skipped="0">
  <testcase classname="FirstProject.Appium.Orinetation" name="RotationTest" time="11.872"/>
  <system-out/>
</testsuite> <!-- FirstProject.Appium.Orinetation -->
