<?xml version="1.0" encoding="UTF-8"?>
<!-- Generated by org.testng.reporters.JUnitReportReporter -->
<testsuite hostname="Muhammad" failures="0" tests="1" name="FirstProject.Appium.longPress" time="7.944" errors="0" timestamp="2023-07-13T06:43:13 CEST" skipped="0">
  <testcase classname="FirstProject.Appium.longPress" name="longPressTest" time="7.944"/>
  <system-out/>
</testsuite> <!-- FirstProject.Appium.longPress -->
