<?xml version="1.0" encoding="UTF-8"?>
<!-- Generated by org.testng.reporters.JUnitReportReporter -->
<testsuite hostname="Muhammad" failures="0" tests="1" name="FirstProject.Appium.Scroll" time="8.171" errors="0" timestamp="2023-07-14T06:12:37 CEST" skipped="0">
  <testcase classname="FirstProject.Appium.Scroll" name="scrollTest" time="8.171"/>
  <system-out/>
</testsuite> <!-- FirstProject.Appium.Scroll -->
