<?xml version="1.0" encoding="UTF-8"?>
<!-- Generated by org.testng.reporters.JUnitReportReporter -->
<testsuite hostname="Muhammad" failures="0" tests="1" name="FirstProject.Appium.AppiumTest" time="10.342" errors="0" timestamp="2023-07-10T07:47:16 CEST" skipped="0">
  <testcase classname="FirstProject.Appium.AppiumTest" name="AppiumTest" time="10.342"/>
  <system-out/>
</testsuite> <!-- FirstProject.Appium.AppiumTest -->
